# JRE version: OpenJDK Runtime Environment (11.0.15.1+2) (build 11.0.15.1+2-LTS)
# Java VM: OpenJDK 64-Bit Server VM (11.0.15.1+2-LTS, mixed mode, tiered, compressed oops, g1 gc, windows-amd64)
Heap:
 garbage-first heap   total 312320K, used 184082K [0x0000000703a00000, 0x0000000800000000)
  region size 1024K, 172 young (176128K), 18 survivors (18432K)
 Metaspace       used 73502K, capacity 75569K, committed 75600K, reserved 1116160K
  class space    used 8848K, capacity 9704K, committed 9728K, reserved 1048576K
GC Heap History (10 events):
Event: 0.586 GC heap before
{Heap before GC invocations=0 (full 0):
 garbage-first heap   total 260096K, used 24576K [0x0000000703a00000, 0x0000000800000000)
  region size 1024K, 24 young (24576K), 0 survivors (0K)
 Metaspace       used 11511K, capacity 11748K, committed 12032K, reserved 1060864K
  class space    used 1102K, capacity 1154K, committed 1280K, reserved 1048576K
}
Event: 0.590 GC heap after
{Heap after GC invocations=1 (full 0):
 garbage-first heap   total 260096K, used 7309K [0x0000000703a00000, 0x0000000800000000)
  region size 1024K, 3 young (3072K), 3 survivors (3072K)
 Metaspace       used 11511K, capacity 11748K, committed 12032K, reserved 1060864K
  class space    used 1102K, capacity 1154K, committed 1280K, reserved 1048576K
}
Event: 1.072 GC heap before
{Heap before GC invocations=1 (full 0):
 garbage-first heap   total 260096K, used 45197K [0x0000000703a00000, 0x0000000800000000)
  region size 1024K, 41 young (41984K), 3 survivors (3072K)
 Metaspace       used 20708K, capacity 21179K, committed 21296K, reserved 1069056K
  class space    used 2207K, capacity 2401K, committed 2432K, reserved 1048576K
}
Event: 1.079 GC heap after
{Heap after GC invocations=2 (full 0):
 garbage-first heap   total 260096K, used 9527K [0x0000000703a00000, 0x0000000800000000)
  region size 1024K, 6 young (6144K), 6 survivors (6144K)
 Metaspace       used 20708K, capacity 21179K, committed 21296K, reserved 1069056K
  class space    used 2207K, capacity 2401K, committed 2432K, reserved 1048576K
}
Event: 1.590 GC heap before
{Heap before GC invocations=3 (full 0):
 garbage-first heap   total 260096K, used 49463K [0x0000000703a00000, 0x0000000800000000)
  region size 1024K, 45 young (46080K), 6 survivors (6144K)
 Metaspace       used 27635K, capacity 28376K, committed 28720K, reserved 1075200K
  class space    used 3045K, capacity 3335K, committed 3456K, reserved 1048576K
}
Event: 1.595 GC heap after
{Heap after GC invocations=4 (full 0):
 garbage-first heap   total 260096K, used 12570K [0x0000000703a00000, 0x0000000800000000)
  region size 1024K, 6 young (6144K), 6 survivors (6144K)
 Metaspace       used 27635K, capacity 28376K, committed 28720K, reserved 1075200K
  class space    used 3045K, capacity 3335K, committed 3456K, reserved 1048576K
}
Event: 2.569 GC heap before
{Heap before GC invocations=4 (full 0):
 garbage-first heap   total 260096K, used 78106K [0x0000000703a00000, 0x0000000800000000)
  region size 1024K, 71 young (72704K), 6 survivors (6144K)
 Metaspace       used 34822K, capacity 35768K, committed 35920K, reserved 1081344K
  class space    used 3971K, capacity 4328K, committed 4352K, reserved 1048576K
}
Event: 2.581 GC heap after
{Heap after GC invocations=5 (full 0):
 garbage-first heap   total 260096K, used 16168K [0x0000000703a00000, 0x0000000800000000)
  region size 1024K, 9 young (9216K), 9 survivors (9216K)
 Metaspace       used 34822K, capacity 35768K, committed 35920K, reserved 1081344K
  class space    used 3971K, capacity 4328K, committed 4352K, reserved 1048576K
}
Event: 5.175 GC heap before
{Heap before GC invocations=6 (full 0):
 garbage-first heap   total 260096K, used 154408K [0x0000000703a00000, 0x0000000800000000)
  region size 1024K, 145 young (148480K), 9 survivors (9216K)
 Metaspace       used 58428K, capacity 59907K, committed 59984K, reserved 1101824K
  class space    used 7092K, capacity 7664K, committed 7680K, reserved 1048576K
}
Event: 5.199 GC heap after
{Heap after GC invocations=7 (full 0):
 garbage-first heap   total 312320K, used 25362K [0x0000000703a00000, 0x0000000800000000)
  region size 1024K, 18 young (18432K), 18 survivors (18432K)
 Metaspace       used 58428K, capacity 59907K, committed 59984K, reserved 1101824K
  class space    used 7092K, capacity 7664K, committed 7680K, reserved 1048576K
}

